\BOOKMARK [1][-]{section.1}{\376\377\000I\000n\000t\000r\000o\000d\000u\000c\000t\000i\000o\000n\000\040\000a\000n\000d\000\040\000M\000o\000t\000i\000v\000a\000t\000i\000o\000n}{}% 1
\BOOKMARK [1][-]{section.2}{\376\377\000N\000o\000t\000a\000t\000i\000o\000n}{}% 2
\BOOKMARK [1][-]{section.3}{\376\377\000F\000o\000r\000w\000a\000r\000d\000\040\000M\000o\000d\000e\000l}{}% 3
\BOOKMARK [2][-]{subsection.3.1}{\376\377\000H\000o\000m\000o\000s\000c\000e\000d\000a\000s\000t\000i\000c\000\040\000G\000a\000u\000s\000s\000i\000a\000n\000\040\000L\000i\000k\000e\000l\000i\000h\000o\000o\000d}{section.3}% 4
\BOOKMARK [1][-]{section.4}{\376\377\000P\000r\000i\000o\000r\000\040\000D\000i\000s\000t\000r\000i\000b\000u\000t\000i\000o\000n\000s}{}% 5
\BOOKMARK [1][-]{section.5}{\376\377\000P\000o\000s\000t\000e\000r\000i\000o\000r\000\040\000D\000i\000s\000t\000r\000i\000b\000u\000t\000i\000o\000n}{}% 6
\BOOKMARK [1][-]{section.6}{\376\377\000M\000C\000M\000C\000\040\000S\000a\000m\000p\000l\000i\000n\000g\000\040\000v\000i\000a\000\040\000N\000U\000T\000S}{}% 7
\BOOKMARK [2][-]{subsection.6.1}{\376\377\000H\000a\000m\000i\000l\000t\000o\000n\000i\000a\000n\000\040\000M\000o\000n\000t\000e\000\040\000C\000a\000r\000l\000o}{section.6}% 8
\BOOKMARK [2][-]{subsection.6.2}{\376\377\000T\000h\000e\000\040\000N\000o\000-\000U\000-\000T\000u\000r\000n\000\040\000S\000a\000m\000p\000l\000e\000r\000\040\000\050\000N\000U\000T\000S\000\051}{section.6}% 9
\BOOKMARK [2][-]{subsection.6.3}{\376\377\000W\000a\000r\000m\000-\000u\000p\000\040\000a\000n\000d\000\040\000A\000d\000a\000p\000t\000a\000t\000i\000o\000n}{section.6}% 10
\BOOKMARK [2][-]{subsection.6.4}{\376\377\000C\000o\000n\000v\000e\000r\000g\000e\000n\000c\000e\000\040\000D\000i\000a\000g\000n\000o\000s\000t\000i\000c\000s}{section.6}% 11
\BOOKMARK [1][-]{section.7}{\376\377\000I\000n\000v\000e\000r\000s\000e\000\040\000P\000r\000e\000d\000i\000c\000t\000i\000o\000n}{}% 12
\BOOKMARK [2][-]{subsection.7.1}{\376\377\000P\000r\000o\000b\000l\000e\000m\000\040\000S\000t\000a\000t\000e\000m\000e\000n\000t}{section.7}% 13
\BOOKMARK [2][-]{subsection.7.2}{\376\377\000P\000o\000s\000t\000e\000r\000i\000o\000r\000\040\000P\000r\000e\000d\000i\000c\000t\000i\000v\000e\000\040\000D\000i\000s\000t\000r\000i\000b\000u\000t\000i\000o\000n\000\040\000o\000f\000\040\000x\000*}{section.7}% 14
\BOOKMARK [2][-]{subsection.7.3}{\376\377\000I\000n\000v\000e\000r\000s\000i\000o\000n\000\040\000M\000e\000t\000h\000o\000d\000s}{section.7}% 15
\BOOKMARK [2][-]{subsection.7.4}{\376\377\000C\000r\000e\000d\000i\000b\000l\000e\000\040\000I\000n\000t\000e\000r\000v\000a\000l\000s}{section.7}% 16
\BOOKMARK [1][-]{section.8}{\376\377\000R\000e\000s\000i\000d\000u\000a\000l\000\040\000D\000i\000a\000g\000n\000o\000s\000t\000i\000c\000s}{}% 17
\BOOKMARK [2][-]{subsection.8.1}{\376\377\000R\000e\000s\000i\000d\000u\000a\000l\000\040\000C\000o\000m\000p\000u\000t\000a\000t\000i\000o\000n}{section.8}% 18
\BOOKMARK [2][-]{subsection.8.2}{\376\377\000B\000r\000e\000u\000s\000c\000h\040\023\000P\000a\000g\000a\000n\000\040\000T\000e\000s\000t\000\040\000f\000o\000r\000\040\000H\000e\000t\000e\000r\000o\000s\000c\000e\000d\000a\000s\000t\000i\000c\000i\000t\000y}{section.8}% 19
\BOOKMARK [2][-]{subsection.8.3}{\376\377\000W\000a\000l\000d\040\023\000W\000o\000l\000f\000o\000w\000i\000t\000z\000\040\000R\000u\000n\000s\000\040\000T\000e\000s\000t\000\040\000f\000o\000r\000\040\000R\000a\000n\000d\000o\000m\000n\000e\000s\000s}{section.8}% 20
\BOOKMARK [2][-]{subsection.8.4}{\376\377\000P\000r\000a\000c\000t\000i\000c\000a\000l\000\040\000G\000u\000i\000d\000a\000n\000c\000e}{section.8}% 21
\BOOKMARK [1][-]{section.9}{\376\377\000S\000u\000m\000m\000a\000r\000y\000\040\000o\000f\000\040\000A\000s\000s\000u\000m\000p\000t\000i\000o\000n\000s}{}% 22
\BOOKMARK [1][-]{section.10}{\376\377\000S\000o\000f\000t\000w\000a\000r\000e\000\040\000I\000m\000p\000l\000e\000m\000e\000n\000t\000a\000t\000i\000o\000n\000\040\000N\000o\000t\000e\000s}{}% 23
